<?xml version="1.0" encoding="UTF-8"?>
<!-- Generated by org.testng.reporters.JUnitXMLReporter -->
<testsuite ignored="0" hostname="Manus-MacBook-Pro.local" failures="1" tests="2" name="Error Handling Test" time="25.162" errors="0" timestamp="2023-12-20T14:48:28 IST">
  <testcase classname="shravang.Tests.ErrorHandlingTest" name="LoginErrorValidation" time="0.711"/>
  <testcase classname="shravang.Tests.ErrorHandlingTest" name="ProductErrorValidation" time="0.66">
    <failure type="java.lang.NullPointerException" message="Cannot invoke &amp;quot;org.openqa.selenium.WebElement.findElement(org.openqa.selenium.By)&amp;quot; because &amp;quot;product&amp;quot; is null">
      <![CDATA[java.lang.NullPointerException: Cannot invoke "org.openqa.selenium.WebElement.findElement(org.openqa.selenium.By)" because "product" is null
at shravang.pageobjects.ProductCatalog.addProductToCart(ProductCatalog.java:58)
at shravang.Tests.ErrorHandlingTest.ProductErrorValidation(ErrorHandlingTest.java:39)
at java.base/java.util.ArrayList.forEach(ArrayList.java:1596)
at java.base/java.util.concurrent.FutureTask.run(FutureTask.java:317)
at java.base/java.util.concurrent.ThreadPoolExecutor.runWorker(ThreadPoolExecutor.java:1144)
at java.base/java.util.concurrent.ThreadPoolExecutor$Worker.run(ThreadPoolExecutor.java:642)
at java.base/java.lang.Thread.run(Thread.java:1583)
... Removed 15 stack frames]]>
    </failure>
  </testcase> <!-- ProductErrorValidation -->
</testsuite> <!-- Error Handling Test -->
